<?xml version="1.0" encoding="UTF-8"?>
<!-- Generated by org.testng.reporters.JUnitXMLReporter -->
<testsuite hostname="DESKTOP-KNVC375" failures="0" tests="3" name="Default test" time="38.013" errors="0" timestamp="21 Oct 2018 06:08:14 GMT">
  <testcase classname="testCases.DataProviderTest" name="loginTest" time="33.635"/>
  <testcase classname="testCases.DataProviderTest" name="loginTest" time="2.309"/>
  <testcase classname="testCases.DataProviderTest" name="loginTest" time="2.047"/>
</testsuite> <!-- Default test -->
