<?xml version="1.0" encoding="UTF-8"?>
<testng-results ignored="0" total="1" passed="1" failed="0" skipped="0">
  <reporter-output>
  </reporter-output>
  <suite started-at="2018-12-30T07:28:23Z" name="Suite" finished-at="2018-12-30T07:28:23Z" duration-ms="42">
    <groups>
    </groups>
    <test started-at="2018-12-30T07:28:23Z" name="Test" finished-at="2018-12-30T07:28:23Z" duration-ms="42">
      <class name="dataTest.DataTest">
        <test-method signature="loginTest(java.lang.String, java.lang.String)[pri:0, instance:dataTest.DataTest@38e79ae3]" started-at="2018-12-30T07:28:23Z" name="loginTest" finished-at="2018-12-30T07:28:23Z" duration-ms="13" status="PASS">
          <params>
            <param index="0">
              <value>
                <![CDATA[Vmetry]]>
              </value>
            </param>
            <param index="1">
              <value>
                <![CDATA[123Vmetry]]>
              </value>
            </param>
          </params>
          <reporter-output>
          </reporter-output>
        </test-method> <!-- loginTest -->
      </class> <!-- dataTest.DataTest -->
    </test> <!-- Test -->
  </suite> <!-- Suite -->
</testng-results>
