<?xml version="1.0" encoding="UTF-8"?>
<!-- Generated by org.testng.reporters.JUnitXMLReporter -->
<testsuite ignored="0" hostname="DESKTOP-KNVC375" failures="0" tests="4" name="Default test" time="0.091" errors="0" timestamp="30 Dec 2018 06:29:42 GMT">
  <testcase classname="keyWordsTest.Testtest" name="add" time="0.014"/>
  <testcase classname="keyWordsTest.Testtest" name="sub" time="0.026"/>
  <testcase classname="keyWordsTest.Testtest" name="divide" time="0.002"/>
  <testcase classname="keyWordsTest.Testtest" name="mul" time="0.002"/>
</testsuite> <!-- Default test -->
