<?xml version="1.0" encoding="UTF-8"?>
<!-- Generated by org.testng.reporters.JUnitXMLReporter -->
<testsuite ignored="0" hostname="DESKTOP-KNVC375" failures="0" tests="4" name="priority Test" time="0.043" errors="0" timestamp="07 Oct 2018 07:17:33 GMT">
  <testcase classname="keyWordsTest.PriorityTest" name="loginTest" time="0.008"/>
  <testcase classname="keyWordsTest.PriorityTest" name="RegistrationTest" time="0.001"/>
  <testcase classname="keyWordsTest.PriorityTest" name="bookingTest" time="0.001"/>
  <testcase classname="keyWordsTest.PriorityTest" name="cancelTest" time="0.0"/>
</testsuite> <!-- priority Test -->
