<?xml version="1.0" encoding="UTF-8"?>
<testng-results ignored="0" total="2" passed="0" failed="2" skipped="0">
  <reporter-output>
  </reporter-output>
  <suite started-at="2019-01-01T13:23:07Z" name="Suite" finished-at="2019-01-01T13:24:43Z" duration-ms="95925">
    <groups>
    </groups>
    <test started-at="2019-01-01T13:23:07Z" name="Test" finished-at="2019-01-01T13:24:43Z" duration-ms="95925">
      <class name="sampleTest2.TestSample">
        <test-method signature="sample()[pri:0, instance:sampleTest2.TestSample@59309333]" started-at="2019-01-01T18:53:07Z" name="sample" finished-at="2019-01-01T18:53:56Z" duration-ms="48639" status="FAIL">
          <exception class="org.openqa.selenium.WebDriverException">
            <message>
              <![CDATA[Failed to connect to binary FirefoxBinary(C:\Program Files (x86)\Mozilla Firefox\firefox.exe) on port 7055; process output follows: 
ons.xpi	INFO	Mapping shield-recipe-client@mozilla.org to C:\Program Files (x86)\Mozilla Firefox\browser\features\shield-recipe-client@mozilla.org.xpi
1546348993814	addons.xpi	INFO	Mapping webcompat@mozilla.org to C:\Program Files (x86)\Mozilla Firefox\browser\features\webcompat@mozilla.org.xpi
1546348993814	addons.xpi	DEBUG	Existing add-on activity-stream@mozilla.org in app-system-defaults
1546348993815	addons.xpi	DEBUG	Existing add-on aushelper@mozilla.org in app-system-defaults
1546348993815	addons.xpi	DEBUG	Existing add-on e10srollout@mozilla.org in app-system-defaults
1546348993816	addons.xpi	DEBUG	Existing add-on firefox@getpocket.com in app-system-defaults
1546348993816	addons.xpi	DEBUG	Existing add-on followonsearch@mozilla.com in app-system-defaults
1546348993817	addons.xpi	DEBUG	Existing add-on formautofill@mozilla.org in app-system-defaults
1546348993817	addons.xpi	DEBUG	Existing add-on onboarding@mozilla.org in app-system-defaults
1546348993818	addons.xpi	DEBUG	Existing add-on screenshots@mozilla.org in app-system-defaults
1546348993818	addons.xpi	DEBUG	Existing add-on shield-recipe-client@mozilla.org in app-system-defaults
1546348993819	addons.xpi	DEBUG	Existing add-on webcompat@mozilla.org in app-system-defaults
1546348993820	addons.xpi	INFO	Mapping {972ce4c6-7e08-4474-a285-3208198ce6fd} to C:\Program Files (x86)\Mozilla Firefox\browser\extensions\{972ce4c6-7e08-4474-a285-3208198ce6fd}.xpi
1546348993820	addons.xpi	DEBUG	Existing add-on {972ce4c6-7e08-4474-a285-3208198ce6fd} in app-global
1546348993820	addons.xpi	DEBUG	getInstallState changed: false, state: {}
Unable to read VR Path Registry from C:\Users\Nihith\AppData\Local\openvr\openvrpaths.vrpath
1546348998584	DeferredSave.webext.sc.lz4	DEBUG	Starting write
1546348998590	DeferredSave.webext.sc.lz4	DEBUG	Write succeeded
1546349008188	addons.xpi	DEBUG	Calling bootstrap method shutdown on webcompat@mozilla.org version 1.1
1546349008189	addons.xpi	DEBUG	Calling bootstrap method shutdown on shield-recipe-client@mozilla.org version 76.1
1546349008191	addons.xpi	DEBUG	Calling bootstrap method shutdown on screenshots@mozilla.org version 19.2.0
1546349008199	addons.xpi	DEBUG	Calling bootstrap method shutdown on onboarding@mozilla.org version 1.0
1546349008200	addons.xpi	DEBUG	Calling bootstrap method shutdown on formautofill@mozilla.org version 1.0
1546349008200	addons.xpi	DEBUG	Calling bootstrap method shutdown on followonsearch@mozilla.com version 0.9.6
1546349008201	addons.xpi	DEBUG	Calling bootstrap method shutdown on firefox@getpocket.com version 1.0.5
1546349008202	addons.xpi	DEBUG	Calling bootstrap method shutdown on e10srollout@mozilla.org version 3.05
1546349008202	addons.xpi	DEBUG	Calling bootstrap method shutdown on aushelper@mozilla.org version 2.0
1546349008203	addons.xpi	DEBUG	Calling bootstrap method shutdown on activity-stream@mozilla.org version 2017.11.07.1100-7f4e3634
[Parent 6320, Gecko_IOThread] WARNING: pipe error: 109: file z:/build/build/src/ipc/chromium/src/chrome/common/ipc_channel_win.cc, line 346
[Child 15188, Chrome_ChildThread] WARNING: pipe error: 109: file z:/build/build/src/ipc/chromium/src/chrome/common/ipc_channel_win.cc, line 346
[Child 15188, Chrome_ChildThread] WA1546349008319	addons.manager	DEBUG	shutdown
1546349008319	addons.manager	DEBUG	Calling shutdown blocker for XPIProvider
1546349008319	addons.xpi	DEBUG	shutdown
1546349008320	addons.xpi-utils	DEBUG	shutdown
1546349008320	addons.manager	DEBUG	Calling shutdown blocker for LightweightThemeManager
1546349008320	addons.manager	DEBUG	Calling shutdown blocker for GMPProvider
1546349008320	addons.manager	DEBUG	Calling shutdown blocker for PluginProvider
1546349008320	addons.manager	DEBUG	Calling shutdown blocker for PreviousExperimentProvider
1546349008325	addons.manager	DEBUG	Async provider shutdown done
*** UTM:SVC TimerManager:registerTimer called after profile-before-change notification. Ignoring timer registration for id: telemetry_modules_ping

###!!! [Child][MessageChannel::SendAndWait] Error: Channel error: cannot send/recv


Build info: version: '2.53.1', revision: 'a36b8b1cd5757287168e54b817830adce9b0158d', time: '2016-06-30 19:26:09'
System info: host: 'DESKTOP-KNVC375', ip: '192.168.43.187', os.name: 'Windows 10', os.arch: 'amd64', os.version: '10.0', java.version: '10.0.2'
Driver info: driver.version: FirefoxDriver]]>
            </message>
            <full-stacktrace>
              <![CDATA[org.openqa.selenium.WebDriverException: Failed to connect to binary FirefoxBinary(C:\Program Files (x86)\Mozilla Firefox\firefox.exe) on port 7055; process output follows: 
ons.xpi	INFO	Mapping shield-recipe-client@mozilla.org to C:\Program Files (x86)\Mozilla Firefox\browser\features\shield-recipe-client@mozilla.org.xpi
1546348993814	addons.xpi	INFO	Mapping webcompat@mozilla.org to C:\Program Files (x86)\Mozilla Firefox\browser\features\webcompat@mozilla.org.xpi
1546348993814	addons.xpi	DEBUG	Existing add-on activity-stream@mozilla.org in app-system-defaults
1546348993815	addons.xpi	DEBUG	Existing add-on aushelper@mozilla.org in app-system-defaults
1546348993815	addons.xpi	DEBUG	Existing add-on e10srollout@mozilla.org in app-system-defaults
1546348993816	addons.xpi	DEBUG	Existing add-on firefox@getpocket.com in app-system-defaults
1546348993816	addons.xpi	DEBUG	Existing add-on followonsearch@mozilla.com in app-system-defaults
1546348993817	addons.xpi	DEBUG	Existing add-on formautofill@mozilla.org in app-system-defaults
1546348993817	addons.xpi	DEBUG	Existing add-on onboarding@mozilla.org in app-system-defaults
1546348993818	addons.xpi	DEBUG	Existing add-on screenshots@mozilla.org in app-system-defaults
1546348993818	addons.xpi	DEBUG	Existing add-on shield-recipe-client@mozilla.org in app-system-defaults
1546348993819	addons.xpi	DEBUG	Existing add-on webcompat@mozilla.org in app-system-defaults
1546348993820	addons.xpi	INFO	Mapping {972ce4c6-7e08-4474-a285-3208198ce6fd} to C:\Program Files (x86)\Mozilla Firefox\browser\extensions\{972ce4c6-7e08-4474-a285-3208198ce6fd}.xpi
1546348993820	addons.xpi	DEBUG	Existing add-on {972ce4c6-7e08-4474-a285-3208198ce6fd} in app-global
1546348993820	addons.xpi	DEBUG	getInstallState changed: false, state: {}
Unable to read VR Path Registry from C:\Users\Nihith\AppData\Local\openvr\openvrpaths.vrpath
1546348998584	DeferredSave.webext.sc.lz4	DEBUG	Starting write
1546348998590	DeferredSave.webext.sc.lz4	DEBUG	Write succeeded
1546349008188	addons.xpi	DEBUG	Calling bootstrap method shutdown on webcompat@mozilla.org version 1.1
1546349008189	addons.xpi	DEBUG	Calling bootstrap method shutdown on shield-recipe-client@mozilla.org version 76.1
1546349008191	addons.xpi	DEBUG	Calling bootstrap method shutdown on screenshots@mozilla.org version 19.2.0
1546349008199	addons.xpi	DEBUG	Calling bootstrap method shutdown on onboarding@mozilla.org version 1.0
1546349008200	addons.xpi	DEBUG	Calling bootstrap method shutdown on formautofill@mozilla.org version 1.0
1546349008200	addons.xpi	DEBUG	Calling bootstrap method shutdown on followonsearch@mozilla.com version 0.9.6
1546349008201	addons.xpi	DEBUG	Calling bootstrap method shutdown on firefox@getpocket.com version 1.0.5
1546349008202	addons.xpi	DEBUG	Calling bootstrap method shutdown on e10srollout@mozilla.org version 3.05
1546349008202	addons.xpi	DEBUG	Calling bootstrap method shutdown on aushelper@mozilla.org version 2.0
1546349008203	addons.xpi	DEBUG	Calling bootstrap method shutdown on activity-stream@mozilla.org version 2017.11.07.1100-7f4e3634
[Parent 6320, Gecko_IOThread] WARNING: pipe error: 109: file z:/build/build/src/ipc/chromium/src/chrome/common/ipc_channel_win.cc, line 346
[Child 15188, Chrome_ChildThread] WARNING: pipe error: 109: file z:/build/build/src/ipc/chromium/src/chrome/common/ipc_channel_win.cc, line 346
[Child 15188, Chrome_ChildThread] WA1546349008319	addons.manager	DEBUG	shutdown
1546349008319	addons.manager	DEBUG	Calling shutdown blocker for XPIProvider
1546349008319	addons.xpi	DEBUG	shutdown
1546349008320	addons.xpi-utils	DEBUG	shutdown
1546349008320	addons.manager	DEBUG	Calling shutdown blocker for LightweightThemeManager
1546349008320	addons.manager	DEBUG	Calling shutdown blocker for GMPProvider
1546349008320	addons.manager	DEBUG	Calling shutdown blocker for PluginProvider
1546349008320	addons.manager	DEBUG	Calling shutdown blocker for PreviousExperimentProvider
1546349008325	addons.manager	DEBUG	Async provider shutdown done
*** UTM:SVC TimerManager:registerTimer called after profile-before-change notification. Ignoring timer registration for id: telemetry_modules_ping

###!!! [Child][MessageChannel::SendAndWait] Error: Channel error: cannot send/recv


Build info: version: '2.53.1', revision: 'a36b8b1cd5757287168e54b817830adce9b0158d', time: '2016-06-30 19:26:09'
System info: host: 'DESKTOP-KNVC375', ip: '192.168.43.187', os.name: 'Windows 10', os.arch: 'amd64', os.version: '10.0', java.version: '10.0.2'
Driver info: driver.version: FirefoxDriver
	at org.openqa.selenium.firefox.internal.NewProfileExtensionConnection.start(NewProfileExtensionConnection.java:125)
	at org.openqa.selenium.firefox.FirefoxDriver.startClient(FirefoxDriver.java:271)
	at org.openqa.selenium.remote.RemoteWebDriver.<init>(RemoteWebDriver.java:119)
	at org.openqa.selenium.firefox.FirefoxDriver.<init>(FirefoxDriver.java:216)
	at org.openqa.selenium.firefox.FirefoxDriver.<init>(FirefoxDriver.java:211)
	at org.openqa.selenium.firefox.FirefoxDriver.<init>(FirefoxDriver.java:207)
	at org.openqa.selenium.firefox.FirefoxDriver.<init>(FirefoxDriver.java:120)
	at sampleTest2.TestSample.sample(TestSample.java:19)
	at java.base/jdk.internal.reflect.NativeMethodAccessorImpl.invoke0(Native Method)
	at java.base/jdk.internal.reflect.NativeMethodAccessorImpl.invoke(NativeMethodAccessorImpl.java:62)
	at java.base/jdk.internal.reflect.DelegatingMethodAccessorImpl.invoke(DelegatingMethodAccessorImpl.java:43)
	at java.base/java.lang.reflect.Method.invoke(Method.java:564)
	at org.testng.internal.MethodInvocationHelper.invokeMethod(MethodInvocationHelper.java:108)
	at org.testng.internal.Invoker.invokeMethod(Invoker.java:661)
	at org.testng.internal.Invoker.invokeTestMethod(Invoker.java:869)
	at org.testng.internal.Invoker.invokeTestMethods(Invoker.java:1193)
	at org.testng.internal.TestMethodWorker.invokeTestMethods(TestMethodWorker.java:126)
	at org.testng.internal.TestMethodWorker.run(TestMethodWorker.java:109)
	at org.testng.TestRunner.privateRun(TestRunner.java:744)
	at org.testng.TestRunner.run(TestRunner.java:602)
	at org.testng.SuiteRunner.runTest(SuiteRunner.java:380)
	at org.testng.SuiteRunner.runSequentially(SuiteRunner.java:375)
	at org.testng.SuiteRunner.privateRun(SuiteRunner.java:340)
	at org.testng.SuiteRunner.run(SuiteRunner.java:289)
	at org.testng.SuiteRunnerWorker.runSuite(SuiteRunnerWorker.java:52)
	at org.testng.SuiteRunnerWorker.run(SuiteRunnerWorker.java:86)
	at org.testng.TestNG.runSuitesSequentially(TestNG.java:1301)
	at org.testng.TestNG.runSuitesLocally(TestNG.java:1226)
	at org.testng.TestNG.runSuites(TestNG.java:1144)
	at org.testng.TestNG.run(TestNG.java:1115)
	at org.apache.maven.surefire.testng.TestNGExecutor.run(TestNGExecutor.java:295)
	at org.apache.maven.surefire.testng.TestNGXmlTestSuite.execute(TestNGXmlTestSuite.java:84)
	at org.apache.maven.surefire.testng.TestNGProvider.invoke(TestNGProvider.java:90)
	at org.apache.maven.surefire.booter.ForkedBooter.invokeProviderInSameClassLoader(ForkedBooter.java:203)
	at org.apache.maven.surefire.booter.ForkedBooter.runSuitesInProcess(ForkedBooter.java:155)
	at org.apache.maven.surefire.booter.ForkedBooter.main(ForkedBooter.java:103)
Caused by: org.openqa.selenium.firefox.NotConnectedException: Unable to connect to host 127.0.0.1 on port 7055 after 45000 ms. Firefox console output:
ons.xpi	INFO	Mapping shield-recipe-client@mozilla.org to C:\Program Files (x86)\Mozilla Firefox\browser\features\shield-recipe-client@mozilla.org.xpi
1546348993814	addons.xpi	INFO	Mapping webcompat@mozilla.org to C:\Program Files (x86)\Mozilla Firefox\browser\features\webcompat@mozilla.org.xpi
1546348993814	addons.xpi	DEBUG	Existing add-on activity-stream@mozilla.org in app-system-defaults
1546348993815	addons.xpi	DEBUG	Existing add-on aushelper@mozilla.org in app-system-defaults
1546348993815	addons.xpi	DEBUG	Existing add-on e10srollout@mozilla.org in app-system-defaults
1546348993816	addons.xpi	DEBUG	Existing add-on firefox@getpocket.com in app-system-defaults
1546348993816	addons.xpi	DEBUG	Existing add-on followonsearch@mozilla.com in app-system-defaults
1546348993817	addons.xpi	DEBUG	Existing add-on formautofill@mozilla.org in app-system-defaults
1546348993817	addons.xpi	DEBUG	Existing add-on onboarding@mozilla.org in app-system-defaults
1546348993818	addons.xpi	DEBUG	Existing add-on screenshots@mozilla.org in app-system-defaults
1546348993818	addons.xpi	DEBUG	Existing add-on shield-recipe-client@mozilla.org in app-system-defaults
1546348993819	addons.xpi	DEBUG	Existing add-on webcompat@mozilla.org in app-system-defaults
1546348993820	addons.xpi	INFO	Mapping {972ce4c6-7e08-4474-a285-3208198ce6fd} to C:\Program Files (x86)\Mozilla Firefox\browser\extensions\{972ce4c6-7e08-4474-a285-3208198ce6fd}.xpi
1546348993820	addons.xpi	DEBUG	Existing add-on {972ce4c6-7e08-4474-a285-3208198ce6fd} in app-global
1546348993820	addons.xpi	DEBUG	getInstallState changed: false, state: {}
Unable to read VR Path Registry from C:\Users\Nihith\AppData\Local\openvr\openvrpaths.vrpath
1546348998584	DeferredSave.webext.sc.lz4	DEBUG	Starting write
1546348998590	DeferredSave.webext.sc.lz4	DEBUG	Write succeeded
1546349008188	addons.xpi	DEBUG	Calling bootstrap method shutdown on webcompat@mozilla.org version 1.1
1546349008189	addons.xpi	DEBUG	Calling bootstrap method shutdown on shield-recipe-client@mozilla.org version 76.1
1546349008191	addons.xpi	DEBUG	Calling bootstrap method shutdown on screenshots@mozilla.org version 19.2.0
1546349008199	addons.xpi	DEBUG	Calling bootstrap method shutdown on onboarding@mozilla.org version 1.0
1546349008200	addons.xpi	DEBUG	Calling bootstrap method shutdown on formautofill@mozilla.org version 1.0
1546349008200	addons.xpi	DEBUG	Calling bootstrap method shutdown on followonsearch@mozilla.com version 0.9.6
1546349008201	addons.xpi	DEBUG	Calling bootstrap method shutdown on firefox@getpocket.com version 1.0.5
1546349008202	addons.xpi	DEBUG	Calling bootstrap method shutdown on e10srollout@mozilla.org version 3.05
1546349008202	addons.xpi	DEBUG	Calling bootstrap method shutdown on aushelper@mozilla.org version 2.0
1546349008203	addons.xpi	DEBUG	Calling bootstrap method shutdown on activity-stream@mozilla.org version 2017.11.07.1100-7f4e3634
[Parent 6320, Gecko_IOThread] WARNING: pipe error: 109: file z:/build/build/src/ipc/chromium/src/chrome/common/ipc_channel_win.cc, line 346
[Child 15188, Chrome_ChildThread] WARNING: pipe error: 109: file z:/build/build/src/ipc/chromium/src/chrome/common/ipc_channel_win.cc, line 346
[Child 15188, Chrome_ChildThread] WA1546349008319	addons.manager	DEBUG	shutdown
1546349008319	addons.manager	DEBUG	Calling shutdown blocker for XPIProvider
1546349008319	addons.xpi	DEBUG	shutdown
1546349008320	addons.xpi-utils	DEBUG	shutdown
1546349008320	addons.manager	DEBUG	Calling shutdown blocker for LightweightThemeManager
1546349008320	addons.manager	DEBUG	Calling shutdown blocker for GMPProvider
1546349008320	addons.manager	DEBUG	Calling shutdown blocker for PluginProvider
1546349008320	addons.manager	DEBUG	Calling shutdown blocker for PreviousExperimentProvider
1546349008325	addons.manager	DEBUG	Async provider shutdown done
*** UTM:SVC TimerManager:registerTimer called after profile-before-change notification. Ignoring timer registration for id: telemetry_modules_ping

###!!! [Child][MessageChannel::SendAndWait] Error: Channel error: cannot send/recv


	at org.openqa.selenium.firefox.internal.NewProfileExtensionConnection.start(NewProfileExtensionConnection.java:113)
	... 35 more
]]>
            </full-stacktrace>
          </exception> <!-- org.openqa.selenium.WebDriverException -->
          <reporter-output>
          </reporter-output>
        </test-method> <!-- sample -->
      </class> <!-- sampleTest2.TestSample -->
      <class name="sampleTest.SampleTest">
        <test-method signature="sample()[pri:0, instance:sampleTest.SampleTest@6572421]" started-at="2019-01-01T18:53:56Z" name="sample" finished-at="2019-01-01T18:54:43Z" duration-ms="47246" status="FAIL">
          <exception class="org.openqa.selenium.WebDriverException">
            <message>
              <![CDATA[Failed to connect to binary FirefoxBinary(C:\Program Files (x86)\Mozilla Firefox\firefox.exe) on port 7055; process output follows: 
4	DEBUG	Save changes
1546349039627	DeferredSave.webext.sc.lz4	DEBUG	Save changes
1546349039630	DeferredSave.webext.sc.lz4	DEBUG	Save changes
1546349039630	DeferredSave.webext.sc.lz4	DEBUG	Save changes
1546349039632	DeferredSave.webext.sc.lz4	DEBUG	Save changes
1546349039637	DeferredSave.webext.sc.lz4	DEBUG	Save changes
1546349039661	DeferredSave.addons.json	DEBUG	Starting write
1546349039664	DeferredSave.webext.sc.lz4	DEBUG	Save changes
1546349039665	DeferredSave.webext.sc.lz4	DEBUG	Save changes
1546349039688	DeferredSave.addons.json	DEBUG	Write succeeded
1546349039778	addons.xpi	INFO	Mapping fxdriver@googlecode.com to C:\Users\Nihith\AppData\Local\Temp\anonymous808215204726708537webdriver-profile\extensions\fxdriver@googlecode.com
1546349039778	addons.xpi	DEBUG	Ignoring file entry whose name is not a valid add-on ID: C:\Users\Nihith\AppData\Local\Temp\anonymous808215204726708537webdriver-profile\extensions\webdriver-staging
1546349039778	addons.xpi	DEBUG	Existing add-on fxdriver@googlecode.com in app-profile
1546349039779	addons.xpi	INFO	Mapping activity-stream@mozilla.org to C:\Program Files (x86)\Mozilla Firefox\browser\features\activity-stream@mozilla.org.xpi
1546349039779	addons.xpi	INFO	Mapping aushelper@mozilla.org to C:\Program Files (x86)\Mozilla Firefox\browser\features\aushelper@mozilla.org.xpi
1546349039779	addons.xpi	INFO	Mapping e10srollout@mozilla.org to C:\Program Files (x86)\Mozilla Firefox\browser\features\e10srollout@mozilla.org.xpi
1546349039779	addons.xpi	INFO	Mapping firefox@getpocket.com to C:\Program Files (x86)\Mozilla Firefox\browser\features\firefox@getpocket.com.xpi
1546349039779	addons.xpi	INFO	Mapping followonsearch@mozilla.com to C:\Program Files (x86)\Mozilla Firefox\browser\features\followonsearch@mozilla.com.xpi
1546349039779	addons.xpi	INFO	Mapping formautofill@mozilla.org to C:\Program Files (x86)\Mozilla Firefox\browser\features\formautofill@mozilla.org.xpi
1546349039779	addons.xpi	INFO	Mapping onboarding@mozilla.org to C:\Program Files (x86)\Mozilla Firefox\browser\features\onboarding@mozilla.org.xpi
1546349039779	addons.xpi	INFO	Mapping screenshots@mozilla.org to C:\Program Files (x86)\Mozilla Firefox\browser\features\screenshots@mozilla.org.xpi
1546349039779	addons.xpi	INFO	Mapping shield-recipe-client@mozilla.org to C:\Program Files (x86)\Mozilla Firefox\browser\features\shield-recipe-client@mozilla.org.xpi
1546349039779	addons.xpi	INFO	Mapping webcompat@mozilla.org to C:\Program Files (x86)\Mozilla Firefox\browser\features\webcompat@mozilla.org.xpi
1546349039780	addons.xpi	DEBUG	Existing add-on activity-stream@mozilla.org in app-system-defaults
1546349039780	addons.xpi	DEBUG	Existing add-on aushelper@mozilla.org in app-system-defaults
1546349039780	addons.xpi	DEBUG	Existing add-on e10srollout@mozilla.org in app-system-defaults
1546349039780	addons.xpi	DEBUG	Existing add-on firefox@getpocket.com in app-system-defaults
1546349039781	addons.xpi	DEBUG	Existing add-on followonsearch@mozilla.com in app-system-defaults
1546349039781	addons.xpi	DEBUG	Existing add-on formautofill@mozilla.org in app-system-defaults
1546349039781	addons.xpi	DEBUG	Existing add-on onboarding@mozilla.org in app-system-defaults
1546349039781	addons.xpi	DEBUG	Existing add-on screenshots@mozilla.org in app-system-defaults
1546349039782	addons.xpi	DEBUG	Existing add-on shield-recipe-client@mozilla.org in app-system-defaults
1546349039782	addons.xpi	DEBUG	Existing add-on webcompat@mozilla.org in app-system-defaults
1546349039782	addons.xpi	INFO	Mapping {972ce4c6-7e08-4474-a285-3208198ce6fd} to C:\Program Files (x86)\Mozilla Firefox\browser\extensions\{972ce4c6-7e08-4474-a285-3208198ce6fd}.xpi
1546349039783	addons.xpi	DEBUG	Existing add-on {972ce4c6-7e08-4474-a285-3208198ce6fd} in app-global
1546349039783	addons.xpi	DEBUG	getInstallState changed: false, state: {}
Unable to read VR Path Registry from C:\Users\Nihith\AppData\Local\openvr\openvrpaths.vrpath
1546349044558	DeferredSave.webext.sc.lz4	DEBUG	Starting write
1546349044563	DeferredSave.webext.sc.lz4	DEBUG	Write succeeded

Build info: version: '2.53.1', revision: 'a36b8b1cd5757287168e54b817830adce9b0158d', time: '2016-06-30 19:26:09'
System info: host: 'DESKTOP-KNVC375', ip: '192.168.43.187', os.name: 'Windows 10', os.arch: 'amd64', os.version: '10.0', java.version: '10.0.2'
Driver info: driver.version: FirefoxDriver]]>
            </message>
            <full-stacktrace>
              <![CDATA[org.openqa.selenium.WebDriverException: Failed to connect to binary FirefoxBinary(C:\Program Files (x86)\Mozilla Firefox\firefox.exe) on port 7055; process output follows: 
4	DEBUG	Save changes
1546349039627	DeferredSave.webext.sc.lz4	DEBUG	Save changes
1546349039630	DeferredSave.webext.sc.lz4	DEBUG	Save changes
1546349039630	DeferredSave.webext.sc.lz4	DEBUG	Save changes
1546349039632	DeferredSave.webext.sc.lz4	DEBUG	Save changes
1546349039637	DeferredSave.webext.sc.lz4	DEBUG	Save changes
1546349039661	DeferredSave.addons.json	DEBUG	Starting write
1546349039664	DeferredSave.webext.sc.lz4	DEBUG	Save changes
1546349039665	DeferredSave.webext.sc.lz4	DEBUG	Save changes
1546349039688	DeferredSave.addons.json	DEBUG	Write succeeded
1546349039778	addons.xpi	INFO	Mapping fxdriver@googlecode.com to C:\Users\Nihith\AppData\Local\Temp\anonymous808215204726708537webdriver-profile\extensions\fxdriver@googlecode.com
1546349039778	addons.xpi	DEBUG	Ignoring file entry whose name is not a valid add-on ID: C:\Users\Nihith\AppData\Local\Temp\anonymous808215204726708537webdriver-profile\extensions\webdriver-staging
1546349039778	addons.xpi	DEBUG	Existing add-on fxdriver@googlecode.com in app-profile
1546349039779	addons.xpi	INFO	Mapping activity-stream@mozilla.org to C:\Program Files (x86)\Mozilla Firefox\browser\features\activity-stream@mozilla.org.xpi
1546349039779	addons.xpi	INFO	Mapping aushelper@mozilla.org to C:\Program Files (x86)\Mozilla Firefox\browser\features\aushelper@mozilla.org.xpi
1546349039779	addons.xpi	INFO	Mapping e10srollout@mozilla.org to C:\Program Files (x86)\Mozilla Firefox\browser\features\e10srollout@mozilla.org.xpi
1546349039779	addons.xpi	INFO	Mapping firefox@getpocket.com to C:\Program Files (x86)\Mozilla Firefox\browser\features\firefox@getpocket.com.xpi
1546349039779	addons.xpi	INFO	Mapping followonsearch@mozilla.com to C:\Program Files (x86)\Mozilla Firefox\browser\features\followonsearch@mozilla.com.xpi
1546349039779	addons.xpi	INFO	Mapping formautofill@mozilla.org to C:\Program Files (x86)\Mozilla Firefox\browser\features\formautofill@mozilla.org.xpi
1546349039779	addons.xpi	INFO	Mapping onboarding@mozilla.org to C:\Program Files (x86)\Mozilla Firefox\browser\features\onboarding@mozilla.org.xpi
1546349039779	addons.xpi	INFO	Mapping screenshots@mozilla.org to C:\Program Files (x86)\Mozilla Firefox\browser\features\screenshots@mozilla.org.xpi
1546349039779	addons.xpi	INFO	Mapping shield-recipe-client@mozilla.org to C:\Program Files (x86)\Mozilla Firefox\browser\features\shield-recipe-client@mozilla.org.xpi
1546349039779	addons.xpi	INFO	Mapping webcompat@mozilla.org to C:\Program Files (x86)\Mozilla Firefox\browser\features\webcompat@mozilla.org.xpi
1546349039780	addons.xpi	DEBUG	Existing add-on activity-stream@mozilla.org in app-system-defaults
1546349039780	addons.xpi	DEBUG	Existing add-on aushelper@mozilla.org in app-system-defaults
1546349039780	addons.xpi	DEBUG	Existing add-on e10srollout@mozilla.org in app-system-defaults
1546349039780	addons.xpi	DEBUG	Existing add-on firefox@getpocket.com in app-system-defaults
1546349039781	addons.xpi	DEBUG	Existing add-on followonsearch@mozilla.com in app-system-defaults
1546349039781	addons.xpi	DEBUG	Existing add-on formautofill@mozilla.org in app-system-defaults
1546349039781	addons.xpi	DEBUG	Existing add-on onboarding@mozilla.org in app-system-defaults
1546349039781	addons.xpi	DEBUG	Existing add-on screenshots@mozilla.org in app-system-defaults
1546349039782	addons.xpi	DEBUG	Existing add-on shield-recipe-client@mozilla.org in app-system-defaults
1546349039782	addons.xpi	DEBUG	Existing add-on webcompat@mozilla.org in app-system-defaults
1546349039782	addons.xpi	INFO	Mapping {972ce4c6-7e08-4474-a285-3208198ce6fd} to C:\Program Files (x86)\Mozilla Firefox\browser\extensions\{972ce4c6-7e08-4474-a285-3208198ce6fd}.xpi
1546349039783	addons.xpi	DEBUG	Existing add-on {972ce4c6-7e08-4474-a285-3208198ce6fd} in app-global
1546349039783	addons.xpi	DEBUG	getInstallState changed: false, state: {}
Unable to read VR Path Registry from C:\Users\Nihith\AppData\Local\openvr\openvrpaths.vrpath
1546349044558	DeferredSave.webext.sc.lz4	DEBUG	Starting write
1546349044563	DeferredSave.webext.sc.lz4	DEBUG	Write succeeded

Build info: version: '2.53.1', revision: 'a36b8b1cd5757287168e54b817830adce9b0158d', time: '2016-06-30 19:26:09'
System info: host: 'DESKTOP-KNVC375', ip: '192.168.43.187', os.name: 'Windows 10', os.arch: 'amd64', os.version: '10.0', java.version: '10.0.2'
Driver info: driver.version: FirefoxDriver
	at org.openqa.selenium.firefox.internal.NewProfileExtensionConnection.start(NewProfileExtensionConnection.java:125)
	at org.openqa.selenium.firefox.FirefoxDriver.startClient(FirefoxDriver.java:271)
	at org.openqa.selenium.remote.RemoteWebDriver.<init>(RemoteWebDriver.java:119)
	at org.openqa.selenium.firefox.FirefoxDriver.<init>(FirefoxDriver.java:216)
	at org.openqa.selenium.firefox.FirefoxDriver.<init>(FirefoxDriver.java:211)
	at org.openqa.selenium.firefox.FirefoxDriver.<init>(FirefoxDriver.java:207)
	at org.openqa.selenium.firefox.FirefoxDriver.<init>(FirefoxDriver.java:120)
	at sampleTest.SampleTest.sample(SampleTest.java:19)
	at java.base/jdk.internal.reflect.NativeMethodAccessorImpl.invoke0(Native Method)
	at java.base/jdk.internal.reflect.NativeMethodAccessorImpl.invoke(NativeMethodAccessorImpl.java:62)
	at java.base/jdk.internal.reflect.DelegatingMethodAccessorImpl.invoke(DelegatingMethodAccessorImpl.java:43)
	at java.base/java.lang.reflect.Method.invoke(Method.java:564)
	at org.testng.internal.MethodInvocationHelper.invokeMethod(MethodInvocationHelper.java:108)
	at org.testng.internal.Invoker.invokeMethod(Invoker.java:661)
	at org.testng.internal.Invoker.invokeTestMethod(Invoker.java:869)
	at org.testng.internal.Invoker.invokeTestMethods(Invoker.java:1193)
	at org.testng.internal.TestMethodWorker.invokeTestMethods(TestMethodWorker.java:126)
	at org.testng.internal.TestMethodWorker.run(TestMethodWorker.java:109)
	at org.testng.TestRunner.privateRun(TestRunner.java:744)
	at org.testng.TestRunner.run(TestRunner.java:602)
	at org.testng.SuiteRunner.runTest(SuiteRunner.java:380)
	at org.testng.SuiteRunner.runSequentially(SuiteRunner.java:375)
	at org.testng.SuiteRunner.privateRun(SuiteRunner.java:340)
	at org.testng.SuiteRunner.run(SuiteRunner.java:289)
	at org.testng.SuiteRunnerWorker.runSuite(SuiteRunnerWorker.java:52)
	at org.testng.SuiteRunnerWorker.run(SuiteRunnerWorker.java:86)
	at org.testng.TestNG.runSuitesSequentially(TestNG.java:1301)
	at org.testng.TestNG.runSuitesLocally(TestNG.java:1226)
	at org.testng.TestNG.runSuites(TestNG.java:1144)
	at org.testng.TestNG.run(TestNG.java:1115)
	at org.apache.maven.surefire.testng.TestNGExecutor.run(TestNGExecutor.java:295)
	at org.apache.maven.surefire.testng.TestNGXmlTestSuite.execute(TestNGXmlTestSuite.java:84)
	at org.apache.maven.surefire.testng.TestNGProvider.invoke(TestNGProvider.java:90)
	at org.apache.maven.surefire.booter.ForkedBooter.invokeProviderInSameClassLoader(ForkedBooter.java:203)
	at org.apache.maven.surefire.booter.ForkedBooter.runSuitesInProcess(ForkedBooter.java:155)
	at org.apache.maven.surefire.booter.ForkedBooter.main(ForkedBooter.java:103)
Caused by: org.openqa.selenium.firefox.NotConnectedException: Unable to connect to host 127.0.0.1 on port 7055 after 45000 ms. Firefox console output:
4	DEBUG	Save changes
1546349039627	DeferredSave.webext.sc.lz4	DEBUG	Save changes
1546349039630	DeferredSave.webext.sc.lz4	DEBUG	Save changes
1546349039630	DeferredSave.webext.sc.lz4	DEBUG	Save changes
1546349039632	DeferredSave.webext.sc.lz4	DEBUG	Save changes
1546349039637	DeferredSave.webext.sc.lz4	DEBUG	Save changes
1546349039661	DeferredSave.addons.json	DEBUG	Starting write
1546349039664	DeferredSave.webext.sc.lz4	DEBUG	Save changes
1546349039665	DeferredSave.webext.sc.lz4	DEBUG	Save changes
1546349039688	DeferredSave.addons.json	DEBUG	Write succeeded
1546349039778	addons.xpi	INFO	Mapping fxdriver@googlecode.com to C:\Users\Nihith\AppData\Local\Temp\anonymous808215204726708537webdriver-profile\extensions\fxdriver@googlecode.com
1546349039778	addons.xpi	DEBUG	Ignoring file entry whose name is not a valid add-on ID: C:\Users\Nihith\AppData\Local\Temp\anonymous808215204726708537webdriver-profile\extensions\webdriver-staging
1546349039778	addons.xpi	DEBUG	Existing add-on fxdriver@googlecode.com in app-profile
1546349039779	addons.xpi	INFO	Mapping activity-stream@mozilla.org to C:\Program Files (x86)\Mozilla Firefox\browser\features\activity-stream@mozilla.org.xpi
1546349039779	addons.xpi	INFO	Mapping aushelper@mozilla.org to C:\Program Files (x86)\Mozilla Firefox\browser\features\aushelper@mozilla.org.xpi
1546349039779	addons.xpi	INFO	Mapping e10srollout@mozilla.org to C:\Program Files (x86)\Mozilla Firefox\browser\features\e10srollout@mozilla.org.xpi
1546349039779	addons.xpi	INFO	Mapping firefox@getpocket.com to C:\Program Files (x86)\Mozilla Firefox\browser\features\firefox@getpocket.com.xpi
1546349039779	addons.xpi	INFO	Mapping followonsearch@mozilla.com to C:\Program Files (x86)\Mozilla Firefox\browser\features\followonsearch@mozilla.com.xpi
1546349039779	addons.xpi	INFO	Mapping formautofill@mozilla.org to C:\Program Files (x86)\Mozilla Firefox\browser\features\formautofill@mozilla.org.xpi
1546349039779	addons.xpi	INFO	Mapping onboarding@mozilla.org to C:\Program Files (x86)\Mozilla Firefox\browser\features\onboarding@mozilla.org.xpi
1546349039779	addons.xpi	INFO	Mapping screenshots@mozilla.org to C:\Program Files (x86)\Mozilla Firefox\browser\features\screenshots@mozilla.org.xpi
1546349039779	addons.xpi	INFO	Mapping shield-recipe-client@mozilla.org to C:\Program Files (x86)\Mozilla Firefox\browser\features\shield-recipe-client@mozilla.org.xpi
1546349039779	addons.xpi	INFO	Mapping webcompat@mozilla.org to C:\Program Files (x86)\Mozilla Firefox\browser\features\webcompat@mozilla.org.xpi
1546349039780	addons.xpi	DEBUG	Existing add-on activity-stream@mozilla.org in app-system-defaults
1546349039780	addons.xpi	DEBUG	Existing add-on aushelper@mozilla.org in app-system-defaults
1546349039780	addons.xpi	DEBUG	Existing add-on e10srollout@mozilla.org in app-system-defaults
1546349039780	addons.xpi	DEBUG	Existing add-on firefox@getpocket.com in app-system-defaults
1546349039781	addons.xpi	DEBUG	Existing add-on followonsearch@mozilla.com in app-system-defaults
1546349039781	addons.xpi	DEBUG	Existing add-on formautofill@mozilla.org in app-system-defaults
1546349039781	addons.xpi	DEBUG	Existing add-on onboarding@mozilla.org in app-system-defaults
1546349039781	addons.xpi	DEBUG	Existing add-on screenshots@mozilla.org in app-system-defaults
1546349039782	addons.xpi	DEBUG	Existing add-on shield-recipe-client@mozilla.org in app-system-defaults
1546349039782	addons.xpi	DEBUG	Existing add-on webcompat@mozilla.org in app-system-defaults
1546349039782	addons.xpi	INFO	Mapping {972ce4c6-7e08-4474-a285-3208198ce6fd} to C:\Program Files (x86)\Mozilla Firefox\browser\extensions\{972ce4c6-7e08-4474-a285-3208198ce6fd}.xpi
1546349039783	addons.xpi	DEBUG	Existing add-on {972ce4c6-7e08-4474-a285-3208198ce6fd} in app-global
1546349039783	addons.xpi	DEBUG	getInstallState changed: false, state: {}
Unable to read VR Path Registry from C:\Users\Nihith\AppData\Local\openvr\openvrpaths.vrpath
1546349044558	DeferredSave.webext.sc.lz4	DEBUG	Starting write
1546349044563	DeferredSave.webext.sc.lz4	DEBUG	Write succeeded

	at org.openqa.selenium.firefox.internal.NewProfileExtensionConnection.start(NewProfileExtensionConnection.java:113)
	... 35 more
]]>
            </full-stacktrace>
          </exception> <!-- org.openqa.selenium.WebDriverException -->
          <reporter-output>
          </reporter-output>
        </test-method> <!-- sample -->
      </class> <!-- sampleTest.SampleTest -->
    </test> <!-- Test -->
  </suite> <!-- Suite -->
</testng-results>
