<?xml version="1.0" encoding="UTF-8"?>
<!-- Generated by org.testng.reporters.JUnitXMLReporter -->
<testsuite ignored="0" hostname="DESKTOP-KNVC375" failures="0" tests="5" name="Test" time="45.622" errors="0" timestamp="02 Dec 2018 08:40:58 GMT">
  <testcase classname="com.vmetry.NTL.Testcaes.HomePageTest" name="openbrowser" time="34.766"/>
  <testcase classname="com.vmetry.NTL.Testcaes.HomePageTest" name="openbrowser" time="1.213"/>
  <testcase classname="com.vmetry.NTL.Testcaes.HomePageTest" name="openbrowser" time="1.222"/>
  <testcase classname="com.vmetry.NTL.Testcaes.HomePageTest" name="openbrowser" time="1.146"/>
  <testcase classname="com.vmetry.NTL.Testcaes.LogInPageTest" name="loginTest" time="2.346"/>
</testsuite> <!-- Test -->
