<?xml version="1.0" encoding="UTF-8"?>
<!-- Generated by org.testng.reporters.JUnitXMLReporter -->
<testsuite ignored="1" hostname="DESKTOP-KNVC375" failures="0" tests="3" name="Booking Test" time="0.052" errors="0" timestamp="06 Oct 2018 17:44:50 GMT">
  <testcase classname="groupingTest.GroupingTest" name="loginTest" time="0.011"/>
  <testcase classname="groupingTest.GroupingTest" name="RegistrationTest" time="0.011"/>
  <testcase classname="groupingTest.GroupingTest" name="bookingTest" time="0.001"/>
  <testcase classname="groupingTest.GroupingTest" name="cancelTest" time="0.0">
    <ignored/>
  </testcase> <!-- cancelTest -->
</testsuite> <!-- Booking Test -->
