<?xml version="1.0" encoding="UTF-8"?>
<!-- Generated by org.testng.reporters.JUnitXMLReporter -->
<testsuite ignored="3" hostname="DESKTOP-KNVC375" failures="0" tests="1" name="Cancel Test" time="0.006" errors="0" timestamp="06 Oct 2018 17:44:50 GMT">
  <testcase classname="groupingTest.GroupingTest" name="RegistrationTest" time="0.002"/>
  <testcase classname="groupingTest.GroupingTest" name="bookingTest" time="0.0">
    <ignored/>
  </testcase> <!-- bookingTest -->
  <testcase classname="groupingTest.GroupingTest" name="loginTest" time="0.0">
    <ignored/>
  </testcase> <!-- loginTest -->
  <testcase classname="groupingTest.GroupingTest" name="cancelTest" time="0.0">
    <ignored/>
  </testcase> <!-- cancelTest -->
</testsuite> <!-- Cancel Test -->
