<?xml version="1.0" encoding="UTF-8"?>
<testng-results total="3" passed="3" failed="0" skipped="0">
  <reporter-output>
  </reporter-output>
  <suite started-at="2018-10-21T06:07:36Z" name="Default suite" finished-at="2018-10-21T06:08:14Z" duration-ms="38013">
    <groups>
    </groups>
    <test started-at="2018-10-21T06:07:36Z" name="Default test" finished-at="2018-10-21T06:08:14Z" duration-ms="38013">
      <class name="testCases.DataProviderTest">
        <test-method signature="loginTest(java.lang.String, java.lang.String, java.lang.String, java.lang.String, java.lang.String)[pri:0, instance:testCases.DataProviderTest@305b7c14]" started-at="2018-10-21T11:37:36Z" name="loginTest" data-provider="dataset" finished-at="2018-10-21T11:38:09Z" duration-ms="33635" status="PASS">
          <params>
            <param index="0">
              <value>
                <![CDATA[AAAA]]>
              </value>
            </param>
            <param index="1">
              <value>
                <![CDATA[11111111111]]>
              </value>
            </param>
            <param index="2">
              <value>
                <![CDATA[Adaya]]>
              </value>
            </param>
            <param index="3">
              <value>
                <![CDATA[Tambaram]]>
              </value>
            </param>
            <param index="4">
              <value>
                <![CDATA[Sedan]]>
              </value>
            </param>
          </params>
          <reporter-output>
          </reporter-output>
        </test-method> <!-- loginTest -->
        <test-method signature="loginTest(java.lang.String, java.lang.String, java.lang.String, java.lang.String, java.lang.String)[pri:0, instance:testCases.DataProviderTest@305b7c14]" started-at="2018-10-21T11:38:09Z" name="loginTest" data-provider="dataset" finished-at="2018-10-21T11:38:12Z" duration-ms="2309" status="PASS">
          <params>
            <param index="0">
              <value>
                <![CDATA[BBBB]]>
              </value>
            </param>
            <param index="1">
              <value>
                <![CDATA[2222222222]]>
              </value>
            </param>
            <param index="2">
              <value>
                <![CDATA[Adaya]]>
              </value>
            </param>
            <param index="3">
              <value>
                <![CDATA[Tambaram]]>
              </value>
            </param>
            <param index="4">
              <value>
                <![CDATA[Sedan]]>
              </value>
            </param>
          </params>
          <reporter-output>
          </reporter-output>
        </test-method> <!-- loginTest -->
        <test-method signature="loginTest(java.lang.String, java.lang.String, java.lang.String, java.lang.String, java.lang.String)[pri:0, instance:testCases.DataProviderTest@305b7c14]" started-at="2018-10-21T11:38:12Z" name="loginTest" data-provider="dataset" finished-at="2018-10-21T11:38:14Z" duration-ms="2047" status="PASS">
          <params>
            <param index="0">
              <value>
                <![CDATA[CCCC]]>
              </value>
            </param>
            <param index="1">
              <value>
                <![CDATA[3333333333]]>
              </value>
            </param>
            <param index="2">
              <value>
                <![CDATA[Adaya]]>
              </value>
            </param>
            <param index="3">
              <value>
                <![CDATA[Tambaram]]>
              </value>
            </param>
            <param index="4">
              <value>
                <![CDATA[Sedan]]>
              </value>
            </param>
          </params>
          <reporter-output>
          </reporter-output>
        </test-method> <!-- loginTest -->
      </class> <!-- testCases.DataProviderTest -->
    </test> <!-- Default test -->
  </suite> <!-- Default suite -->
</testng-results>
