<?xml version="1.0" encoding="UTF-8"?>
<testng-results total="2" passed="2" failed="0" skipped="0">
  <reporter-output>
  </reporter-output>
  <suite started-at="2018-10-24T16:56:22Z" name="Default suite" finished-at="2018-10-24T16:56:45Z" duration-ms="23159">
    <groups>
    </groups>
    <test started-at="2018-10-24T16:56:22Z" name="Default test" finished-at="2018-10-24T16:56:45Z" duration-ms="23159">
      <class name="gridTest.GridTest">
        <test-method is-config="true" signature="gridtest()[pri:0, instance:gridTest.GridTest@7530ad9c]" started-at="2018-10-24T22:26:22Z" name="gridtest" finished-at="2018-10-24T22:26:22Z" duration-ms="18" status="PASS">
          <reporter-output>
          </reporter-output>
        </test-method> <!-- gridtest -->
        <test-method signature="gridtest1()[pri:0, instance:gridTest.GridTest@7530ad9c]" started-at="2018-10-24T22:26:22Z" name="gridtest1" finished-at="2018-10-24T22:26:35Z" duration-ms="12856" status="PASS">
          <reporter-output>
          </reporter-output>
        </test-method> <!-- gridtest1 -->
        <test-method signature="gridtest2()[pri:0, instance:gridTest.GridTest@7530ad9c]" started-at="2018-10-24T22:26:35Z" name="gridtest2" finished-at="2018-10-24T22:26:45Z" duration-ms="10263" status="PASS">
          <reporter-output>
          </reporter-output>
        </test-method> <!-- gridtest2 -->
        <test-method is-config="true" signature="gridafterTest()[pri:0, instance:gridTest.GridTest@7530ad9c]" started-at="2018-10-24T22:26:45Z" name="gridafterTest" finished-at="2018-10-24T22:26:45Z" duration-ms="0" status="PASS">
          <reporter-output>
          </reporter-output>
        </test-method> <!-- gridafterTest -->
      </class> <!-- gridTest.GridTest -->
    </test> <!-- Default test -->
  </suite> <!-- Default suite -->
</testng-results>
