<?xml version="1.0" encoding="UTF-8"?>
<!-- Generated by org.testng.reporters.JUnitXMLReporter -->
<testsuite ignored="0" hostname="DESKTOP-KNVC375" failures="0" tests="4" name="Test two" time="0.013" errors="0" timestamp="29 Sep 2018 17:50:37 GMT">
  <testcase classname="keyWordsTest.Testtest" name="add" time="0.002"/>
  <testcase classname="keyWordsTest.Testtest" name="sub" time="0.0"/>
  <testcase classname="keyWordsTest.Testtest" name="divide" time="0.0"/>
  <testcase classname="keyWordsTest.Testtest" name="mul" time="0.0"/>
</testsuite> <!-- Test two -->
