<?xml version="1.0" encoding="UTF-8"?>
<!-- Generated by org.testng.reporters.JUnitXMLReporter -->
<testsuite ignored="1" hostname="DESKTOP-KNVC375" failures="0" tests="3" name="Booking Test" time="0.046" errors="0" timestamp="28 Oct 2018 18:58:09 GMT">
  <testcase classname="groupingTest.GroupingTest" name="loginTest" time="0.012"/>
  <testcase classname="groupingTest.GroupingTest" name="RegistrationTest" time="0.002"/>
  <testcase classname="groupingTest.GroupingTest" name="bookingTest" time="0.002"/>
  <testcase classname="groupingTest.GroupingTest" name="cancelTest" time="0.0">
    <ignored/>
  </testcase> <!-- cancelTest -->
</testsuite> <!-- Booking Test -->
