<?xml version="1.0" encoding="UTF-8"?>
<!-- Generated by org.testng.reporters.JUnitXMLReporter -->
<testsuite ignored="0" hostname="DESKTOP-KNVC375" failures="0" tests="6" name="Default test" time="0.055" errors="0" timestamp="30 Dec 2018 08:33:28 GMT">
  <testcase classname="roughWorkTest.TestNGTest" name="sample" time="0.012"/>
  <testcase classname="roughWorkTest.TestNGTest" name="sample" time="0.004"/>
  <testcase classname="roughWorkTest.TestNGTest" name="sample" time="0.0"/>
  <testcase classname="roughWorkTest.TestNGTest" name="sample2" time="0.001"/>
  <testcase classname="roughWorkTest.TestNGTest" name="sample2" time="0.002"/>
  <testcase classname="roughWorkTest.TestNGTest" name="sample2" time="0.002"/>
</testsuite> <!-- Default test -->
