<?xml version="1.0" encoding="UTF-8"?>
<testng-results ignored="0" total="5" passed="5" failed="0" skipped="0">
  <reporter-output>
  </reporter-output>
  <suite started-at="2018-12-02T08:40:13Z" name="testrun" finished-at="2018-12-02T08:40:58Z" duration-ms="45622">
    <groups>
    </groups>
    <test started-at="2018-12-02T08:40:13Z" name="Test" finished-at="2018-12-02T08:40:58Z" duration-ms="45622">
      <class name="com.vmetry.NTL.Testcaes.HomePageTest">
        <test-method signature="openbrowser(java.lang.String, java.lang.String, java.lang.String, java.lang.String, java.lang.String, java.lang.String)[pri:0, instance:com.vmetry.NTL.Testcaes.HomePageTest@2d52216b]" started-at="2018-12-02T08:40:14Z" name="openbrowser" data-provider="dataset" finished-at="2018-12-02T08:40:48Z" duration-ms="34766" status="PASS">
          <params>
            <param index="0">
              <value>
                <![CDATA[HomePageTest_DataSet2]]>
              </value>
            </param>
            <param index="1">
              <value>
                <![CDATA[vinoth]]>
              </value>
            </param>
            <param index="2">
              <value>
                <![CDATA[9898989898]]>
              </value>
            </param>
            <param index="3">
              <value>
                <![CDATA[adyar]]>
              </value>
            </param>
            <param index="4">
              <value>
                <![CDATA[adyar]]>
              </value>
            </param>
            <param index="5">
              <value>
                <![CDATA[Sedan]]>
              </value>
            </param>
          </params>
          <reporter-output>
          </reporter-output>
        </test-method> <!-- openbrowser -->
        <test-method is-config="true" signature="teardown(org.testng.ITestResult)[pri:0, instance:com.vmetry.NTL.Testcaes.HomePageTest@2d52216b]" started-at="2018-12-02T08:40:48Z" name="teardown" finished-at="2018-12-02T08:40:50Z" duration-ms="1371" status="PASS">
          <params>
            <param index="0">
              <value>
                <![CDATA[[TestResult name=openbrowser status=SUCCESS method=HomePageTest.openbrowser(java.lang.String, java.lang.String, java.lang.String, java.lang.String, java.lang.String, java.lang.String)[pri:0, instance:com.vmetry.NTL.Testcaes.HomePageTest@2d52216b] output={null}]]]>
              </value>
            </param>
          </params>
          <reporter-output>
          </reporter-output>
        </test-method> <!-- teardown -->
        <test-method signature="openbrowser(java.lang.String, java.lang.String, java.lang.String, java.lang.String, java.lang.String, java.lang.String)[pri:0, instance:com.vmetry.NTL.Testcaes.HomePageTest@2d52216b]" started-at="2018-12-02T08:40:50Z" name="openbrowser" data-provider="dataset" finished-at="2018-12-02T08:40:51Z" duration-ms="1213" status="PASS">
          <params>
            <param index="0">
              <value>
                <![CDATA[HomePageTest_DataSet3]]>
              </value>
            </param>
            <param index="1">
              <value>
                <![CDATA[kumar]]>
              </value>
            </param>
            <param index="2">
              <value>
                <![CDATA[1234567890]]>
              </value>
            </param>
            <param index="3">
              <value>
                <![CDATA[adyar]]>
              </value>
            </param>
            <param index="4">
              <value>
                <![CDATA[adyar]]>
              </value>
            </param>
            <param index="5">
              <value>
                <![CDATA[Sedan]]>
              </value>
            </param>
          </params>
          <reporter-output>
          </reporter-output>
        </test-method> <!-- openbrowser -->
        <test-method is-config="true" signature="teardown(org.testng.ITestResult)[pri:0, instance:com.vmetry.NTL.Testcaes.HomePageTest@2d52216b]" started-at="2018-12-02T08:40:51Z" name="teardown" finished-at="2018-12-02T08:40:52Z" duration-ms="938" status="PASS">
          <params>
            <param index="0">
              <value>
                <![CDATA[[TestResult name=openbrowser status=SUCCESS method=HomePageTest.openbrowser(java.lang.String, java.lang.String, java.lang.String, java.lang.String, java.lang.String, java.lang.String)[pri:0, instance:com.vmetry.NTL.Testcaes.HomePageTest@2d52216b] output={null}]]]>
              </value>
            </param>
          </params>
          <reporter-output>
          </reporter-output>
        </test-method> <!-- teardown -->
        <test-method signature="openbrowser(java.lang.String, java.lang.String, java.lang.String, java.lang.String, java.lang.String, java.lang.String)[pri:0, instance:com.vmetry.NTL.Testcaes.HomePageTest@2d52216b]" started-at="2018-12-02T08:40:52Z" name="openbrowser" data-provider="dataset" finished-at="2018-12-02T08:40:53Z" duration-ms="1222" status="PASS">
          <params>
            <param index="0">
              <value>
                <![CDATA[HomePageTest_DataSet4]]>
              </value>
            </param>
            <param index="1">
              <value>
                <![CDATA[sunil]]>
              </value>
            </param>
            <param index="2">
              <value>
                <![CDATA[9876543210]]>
              </value>
            </param>
            <param index="3">
              <value>
                <![CDATA[adyar]]>
              </value>
            </param>
            <param index="4">
              <value>
                <![CDATA[adyar]]>
              </value>
            </param>
            <param index="5">
              <value>
                <![CDATA[Sedan]]>
              </value>
            </param>
          </params>
          <reporter-output>
          </reporter-output>
        </test-method> <!-- openbrowser -->
        <test-method is-config="true" signature="teardown(org.testng.ITestResult)[pri:0, instance:com.vmetry.NTL.Testcaes.HomePageTest@2d52216b]" started-at="2018-12-02T08:40:53Z" name="teardown" finished-at="2018-12-02T08:40:54Z" duration-ms="723" status="PASS">
          <params>
            <param index="0">
              <value>
                <![CDATA[[TestResult name=openbrowser status=SUCCESS method=HomePageTest.openbrowser(java.lang.String, java.lang.String, java.lang.String, java.lang.String, java.lang.String, java.lang.String)[pri:0, instance:com.vmetry.NTL.Testcaes.HomePageTest@2d52216b] output={null}]]]>
              </value>
            </param>
          </params>
          <reporter-output>
          </reporter-output>
        </test-method> <!-- teardown -->
        <test-method signature="openbrowser(java.lang.String, java.lang.String, java.lang.String, java.lang.String, java.lang.String, java.lang.String)[pri:0, instance:com.vmetry.NTL.Testcaes.HomePageTest@2d52216b]" started-at="2018-12-02T08:40:54Z" name="openbrowser" data-provider="dataset" finished-at="2018-12-02T08:40:55Z" duration-ms="1146" status="PASS">
          <params>
            <param index="0">
              <value>
                <![CDATA[HomePageTest_DataSet5]]>
              </value>
            </param>
            <param index="1">
              <value>
                <![CDATA[hakkim]]>
              </value>
            </param>
            <param index="2">
              <value>
                <![CDATA[6789054321]]>
              </value>
            </param>
            <param index="3">
              <value>
                <![CDATA[adyar]]>
              </value>
            </param>
            <param index="4">
              <value>
                <![CDATA[adyar]]>
              </value>
            </param>
            <param index="5">
              <value>
                <![CDATA[Sedan]]>
              </value>
            </param>
          </params>
          <reporter-output>
          </reporter-output>
        </test-method> <!-- openbrowser -->
        <test-method is-config="true" signature="teardown(org.testng.ITestResult)[pri:0, instance:com.vmetry.NTL.Testcaes.HomePageTest@2d52216b]" started-at="2018-12-02T08:40:55Z" name="teardown" finished-at="2018-12-02T08:40:56Z" duration-ms="668" status="PASS">
          <params>
            <param index="0">
              <value>
                <![CDATA[[TestResult name=openbrowser status=SUCCESS method=HomePageTest.openbrowser(java.lang.String, java.lang.String, java.lang.String, java.lang.String, java.lang.String, java.lang.String)[pri:0, instance:com.vmetry.NTL.Testcaes.HomePageTest@2d52216b] output={null}]]]>
              </value>
            </param>
          </params>
          <reporter-output>
          </reporter-output>
        </test-method> <!-- teardown -->
      </class> <!-- com.vmetry.NTL.Testcaes.HomePageTest -->
      <class name="com.vmetry.NTL.Testcaes.LogInPageTest">
        <test-method signature="loginTest(java.lang.String, java.lang.String, java.lang.String)[pri:0, instance:com.vmetry.NTL.Testcaes.LogInPageTest@242b836]" started-at="2018-12-02T08:40:56Z" name="loginTest" data-provider="dataset" finished-at="2018-12-02T08:40:58Z" duration-ms="2346" status="PASS">
          <params>
            <param index="0">
              <value>
                <![CDATA[LoginTest_DataSet1]]>
              </value>
            </param>
            <param index="1">
              <value>
                <![CDATA[9999999999]]>
              </value>
            </param>
            <param index="2">
              <value>
                <![CDATA[*****]]>
              </value>
            </param>
          </params>
          <reporter-output>
          </reporter-output>
        </test-method> <!-- loginTest -->
      </class> <!-- com.vmetry.NTL.Testcaes.LogInPageTest -->
    </test> <!-- Test -->
  </suite> <!-- testrun -->
</testng-results>
