<?xml version="1.0" encoding="UTF-8"?>
<!-- Generated by org.testng.reporters.JUnitXMLReporter -->
<testsuite ignored="1" hostname="DESKTOP-KNVC375" failures="1" tests="1" name="Default test(failed)(failed)" time="0.036" errors="0" timestamp="06 Oct 2018 12:52:58 GMT">
  <testcase classname="rerunFailedTest.RerunFailedTest" name="bookingtest" time="0.008">
    <failure type="java.lang.ArithmeticException" message="/ by zero">
      <![CDATA[java.lang.ArithmeticException: / by zero
at rerunFailedTest.RerunFailedTest.bookingtest(RerunFailedTest.java:15)
... Removed 25 stack frames]]>
    </failure>
  </testcase> <!-- bookingtest -->
  <testcase classname="rerunFailedTest.RerunFailedTest" name="logintest" time="0.0">
    <ignored/>
  </testcase> <!-- logintest -->
</testsuite> <!-- Default test(failed)(failed) -->
